BEST MODEL (RANDOM FOREST) WITH OPTIMAL THRESHOLD
Optimal threshold: 0.1
Accuracy: 0.8988
Precision: 0.5161
Recall: 0.8889
F1 Score: 0.6531
Confusion Matrix:
[[135  15]
 [  2  16]]
Classification Report:
              precision    recall  f1-score   support

         0.0       0.99      0.90      0.94       150
         1.0       0.52      0.89      0.65        18

    accuracy                           0.90       168
   macro avg       0.75      0.89      0.80       168
weighted avg       0.94      0.90      0.91       168

Feature Importances:
                      Feature  Importance
0          PyComplexityMetric    0.333715
2         AreaMetricEstimator    0.248174
3  ApertureIrregularityMetric    0.210356
1     MeanAreaMetricEstimator    0.207754

BEST SINGLE FEATURE ANALYSIS
Best feature: PyComplexityMetric
Optimal cutoff: 0.1186
When PyComplexityMetric >= 0.1186, predict Pass Rate < 95
Accuracy: 0.7798
Precision: 0.2979
Recall: 0.7778
F1 Score: 0.4308
Confusion Matrix:
[[117  33]
 [  4  14]]
